{"uuid":"191c7035-0343-4ea9-b699-ab491e328ff3","name":"Scenario Outline: The user getting error message with invalid python code for Graph page","children":["01c12b06-3655-44cb-b25d-fcae8dec5a9b"],"befores":[{"name":"appHooks.ApplicationHooks.setup()","status":"broken","statusDetails":{"known":false,"muted":false,"flaky":false,"message":"BEFORE is failed: Cannot invoke \"org.openqa.selenium.WebDriver.manage()\" because the return value of \"com.qa.factory.DriverFactory.getDriver()\" is null","trace":"java.lang.NullPointerException: Cannot invoke \"org.openqa.selenium.WebDriver.manage()\" because the return value of \"com.qa.factory.DriverFactory.getDriver()\" is null\r\n\tat com.qa.factory.DriverFactory.init_driver(DriverFactory.java:47)\r\n\tat com.qa.factory.DriverFactory.setupdriver(DriverFactory.java:71)\r\n\tat appHooks.ApplicationHooks.setup(ApplicationHooks.java:33)\r\n"},"stage":"finished","steps":[],"attachments":[],"parameters":[],"start":1698001432842,"stop":1698001432843},{"name":"appHooks.ApplicationHooks.getbrowser()","status":"passed","stage":"finished","steps":[],"attachments":[],"parameters":[],"start":1698001432843,"stop":1698001432843}],"afters":[{"name":"appHooks.ApplicationHooks.tearDown(io.cucumber.java.Scenario)","status":"broken","statusDetails":{"known":false,"muted":false,"flaky":false,"message":"AFTER is failed: Cannot invoke \"org.openqa.selenium.TakesScreenshot.getScreenshotAs(org.openqa.selenium.OutputType)\" because the return value of \"com.qa.factory.DriverFactory.getDriver()\" is null","trace":"java.lang.NullPointerException: Cannot invoke \"org.openqa.selenium.TakesScreenshot.getScreenshotAs(org.openqa.selenium.OutputType)\" because the return value of \"com.qa.factory.DriverFactory.getDriver()\" is null\r\n\tat appHooks.ApplicationHooks.tearDown(ApplicationHooks.java:59)\r\n"},"stage":"finished","steps":[],"attachments":[],"parameters":[],"start":1698001432844,"stop":1698001432844}],"start":1698001432842,"stop":1698001432845}