{"uuid":"3e2753a8-5697-45a9-bebf-3c5a969c195c","name":"Scenario Outline: User checks invalid code in submodule \"Arrays in Python\"","children":["8f31513c-f3b1-4981-aa17-517e64effa4a"],"befores":[{"name":"appHooks.ApplicationHooks.setup()","status":"broken","statusDetails":{"known":false,"muted":false,"flaky":false,"message":"BEFORE is failed: Cannot invoke \"org.openqa.selenium.WebDriver.manage()\" because the return value of \"com.qa.factory.DriverFactory.getDriver()\" is null","trace":"java.lang.NullPointerException: Cannot invoke \"org.openqa.selenium.WebDriver.manage()\" because the return value of \"com.qa.factory.DriverFactory.getDriver()\" is null\r\n\tat com.qa.factory.DriverFactory.init_driver(DriverFactory.java:47)\r\n\tat com.qa.factory.DriverFactory.setupdriver(DriverFactory.java:71)\r\n\tat appHooks.ApplicationHooks.setup(ApplicationHooks.java:33)\r\n"},"stage":"finished","steps":[],"attachments":[],"parameters":[],"start":1698001377101,"stop":1698001377102},{"name":"appHooks.ApplicationHooks.getbrowser()","status":"passed","stage":"finished","steps":[],"attachments":[],"parameters":[],"start":1698001377102,"stop":1698001377102}],"afters":[{"name":"appHooks.ApplicationHooks.tearDown(io.cucumber.java.Scenario)","status":"broken","statusDetails":{"known":false,"muted":false,"flaky":false,"message":"AFTER is failed: Cannot invoke \"org.openqa.selenium.TakesScreenshot.getScreenshotAs(org.openqa.selenium.OutputType)\" because the return value of \"com.qa.factory.DriverFactory.getDriver()\" is null","trace":"java.lang.NullPointerException: Cannot invoke \"org.openqa.selenium.TakesScreenshot.getScreenshotAs(org.openqa.selenium.OutputType)\" because the return value of \"com.qa.factory.DriverFactory.getDriver()\" is null\r\n\tat appHooks.ApplicationHooks.tearDown(ApplicationHooks.java:59)\r\n"},"stage":"finished","steps":[],"attachments":[],"parameters":[],"start":1698001377103,"stop":1698001377104}],"start":1698001377101,"stop":1698001377104}