{"uuid":"5019636b-c9ac-4d9d-add0-1be075148e47","name":"Scenario Outline: The user getting error message with invalid python code for Graph page","children":["337c0755-78f8-46ae-be1a-c192943b0a99"],"befores":[{"name":"appHooks.ApplicationHooks.setup()","status":"broken","statusDetails":{"known":false,"muted":false,"flaky":false,"message":"BEFORE is failed: Cannot invoke \"org.openqa.selenium.WebDriver.manage()\" because the return value of \"com.qa.factory.DriverFactory.getDriver()\" is null","trace":"java.lang.NullPointerException: Cannot invoke \"org.openqa.selenium.WebDriver.manage()\" because the return value of \"com.qa.factory.DriverFactory.getDriver()\" is null\r\n\tat com.qa.factory.DriverFactory.init_driver(DriverFactory.java:47)\r\n\tat com.qa.factory.DriverFactory.setupdriver(DriverFactory.java:71)\r\n\tat appHooks.ApplicationHooks.setup(ApplicationHooks.java:33)\r\n"},"stage":"finished","steps":[],"attachments":[],"parameters":[],"start":1698001378983,"stop":1698001378984},{"name":"appHooks.ApplicationHooks.getbrowser()","status":"passed","stage":"finished","steps":[],"attachments":[],"parameters":[],"start":1698001378984,"stop":1698001378984}],"afters":[{"name":"appHooks.ApplicationHooks.tearDown(io.cucumber.java.Scenario)","status":"broken","statusDetails":{"known":false,"muted":false,"flaky":false,"message":"AFTER is failed: Cannot invoke \"org.openqa.selenium.TakesScreenshot.getScreenshotAs(org.openqa.selenium.OutputType)\" because the return value of \"com.qa.factory.DriverFactory.getDriver()\" is null","trace":"java.lang.NullPointerException: Cannot invoke \"org.openqa.selenium.TakesScreenshot.getScreenshotAs(org.openqa.selenium.OutputType)\" because the return value of \"com.qa.factory.DriverFactory.getDriver()\" is null\r\n\tat appHooks.ApplicationHooks.tearDown(ApplicationHooks.java:59)\r\n"},"stage":"finished","steps":[],"attachments":[],"parameters":[],"start":1698001378984,"stop":1698001378985}],"start":1698001378983,"stop":1698001378985}