{"uuid":"a0d930af-70ad-4add-88a1-962d90f4ea2b","name":"Scenario Outline: User checks invalid code in submodule \"Max Consecutive Ones\"","children":["573eae37-e81f-431e-bc28-555d7afabf90"],"befores":[{"name":"appHooks.ApplicationHooks.setup()","status":"broken","statusDetails":{"known":false,"muted":false,"flaky":false,"message":"BEFORE is failed: Cannot invoke \"org.openqa.selenium.WebDriver.manage()\" because the return value of \"com.qa.factory.DriverFactory.getDriver()\" is null","trace":"java.lang.NullPointerException: Cannot invoke \"org.openqa.selenium.WebDriver.manage()\" because the return value of \"com.qa.factory.DriverFactory.getDriver()\" is null\r\n\tat com.qa.factory.DriverFactory.init_driver(DriverFactory.java:47)\r\n\tat com.qa.factory.DriverFactory.setupdriver(DriverFactory.java:71)\r\n\tat appHooks.ApplicationHooks.setup(ApplicationHooks.java:33)\r\n"},"stage":"finished","steps":[],"attachments":[],"parameters":[],"start":1698001431060,"stop":1698001431061},{"name":"appHooks.ApplicationHooks.getbrowser()","status":"passed","stage":"finished","steps":[],"attachments":[],"parameters":[],"start":1698001431061,"stop":1698001431062}],"afters":[{"name":"appHooks.ApplicationHooks.tearDown(io.cucumber.java.Scenario)","status":"broken","statusDetails":{"known":false,"muted":false,"flaky":false,"message":"AFTER is failed: Cannot invoke \"org.openqa.selenium.TakesScreenshot.getScreenshotAs(org.openqa.selenium.OutputType)\" because the return value of \"com.qa.factory.DriverFactory.getDriver()\" is null","trace":"java.lang.NullPointerException: Cannot invoke \"org.openqa.selenium.TakesScreenshot.getScreenshotAs(org.openqa.selenium.OutputType)\" because the return value of \"com.qa.factory.DriverFactory.getDriver()\" is null\r\n\tat appHooks.ApplicationHooks.tearDown(ApplicationHooks.java:59)\r\n"},"stage":"finished","steps":[],"attachments":[],"parameters":[],"start":1698001431063,"stop":1698001431063}],"start":1698001431060,"stop":1698001431063}