{"uuid":"d2003860-09de-4ecc-820e-bd0c46d0044c","name":"Scenario Outline: User checks invalid code in submodule \"Application of Array\"","children":["da0844b9-46c7-4464-b38e-bf8cb049ca54"],"befores":[{"name":"appHooks.ApplicationHooks.setup()","status":"broken","statusDetails":{"known":false,"muted":false,"flaky":false,"message":"BEFORE is failed: Cannot invoke \"org.openqa.selenium.WebDriver.manage()\" because the return value of \"com.qa.factory.DriverFactory.getDriver()\" is null","trace":"java.lang.NullPointerException: Cannot invoke \"org.openqa.selenium.WebDriver.manage()\" because the return value of \"com.qa.factory.DriverFactory.getDriver()\" is null\r\n\tat com.qa.factory.DriverFactory.init_driver(DriverFactory.java:47)\r\n\tat com.qa.factory.DriverFactory.setupdriver(DriverFactory.java:71)\r\n\tat appHooks.ApplicationHooks.setup(ApplicationHooks.java:33)\r\n"},"stage":"finished","steps":[],"attachments":[],"parameters":[],"start":1698001377194,"stop":1698001377194},{"name":"appHooks.ApplicationHooks.getbrowser()","status":"passed","stage":"finished","steps":[],"attachments":[],"parameters":[],"start":1698001377195,"stop":1698001377195}],"afters":[{"name":"appHooks.ApplicationHooks.tearDown(io.cucumber.java.Scenario)","status":"broken","statusDetails":{"known":false,"muted":false,"flaky":false,"message":"AFTER is failed: Cannot invoke \"org.openqa.selenium.TakesScreenshot.getScreenshotAs(org.openqa.selenium.OutputType)\" because the return value of \"com.qa.factory.DriverFactory.getDriver()\" is null","trace":"java.lang.NullPointerException: Cannot invoke \"org.openqa.selenium.TakesScreenshot.getScreenshotAs(org.openqa.selenium.OutputType)\" because the return value of \"com.qa.factory.DriverFactory.getDriver()\" is null\r\n\tat appHooks.ApplicationHooks.tearDown(ApplicationHooks.java:59)\r\n"},"stage":"finished","steps":[],"attachments":[],"parameters":[],"start":1698001377198,"stop":1698001377198}],"start":1698001377193,"stop":1698001377199}